<?xml version="1.0" encoding="UTF-8"?>
<!-- Generated by org.testng.reporters.JUnitXMLReporter -->
<testsuite ignored="2" hostname="Copious-1197" failures="0" tests="4" name="Test" time="377.304" errors="0" timestamp="2024-04-19T13:41:41 SAST">
  <testcase classname="JDGroup.AndroidTest.LoginTest" name="Login" time="22.598"/>
  <testcase classname="JDGroup.AndroidTest.LoginTest" name="Login" time="56.903"/>
  <testcase classname="JDGroup.AndroidTest.ForgotPasswordTest" name="Forgotpassword" time="60.666"/>
  <testcase classname="JDGroup.AndroidTest.ForgotPasswordTest" name="Forgotpassword" time="70.494"/>
  <testcase classname="base.BaseTest" name="@BeforeSuite configureAppium" time="0.0">
    <ignored/>
  </testcase> <!-- @BeforeSuite configureAppium -->
  <testcase classname="base.BaseTest" name="@AfterSuite tearDownService" time="0.0">
    <ignored/>
  </testcase> <!-- @AfterSuite tearDownService -->
</testsuite> <!-- Test -->
